生成启动时间为 2020/8/14 20:35:43。
     1>项目“C:\Users\86173\documents\visual studio 2010\Projects\c_practice\c_practice\c_practice.vcxproj”在节点 2 上(build 个目标)。
     1>InitializeBuildStatus:
         正在创建“Debug\c_practice.unsuccessfulbuild”，因为已指定“AlwaysCreate”。
       ClCompile:
         C:\Program Files (x86)\Microsoft Visual Studio 10.0\VC\bin\CL.exe /c /ZI /nologo /W3 /WX- /Od /Oy- /D _CRT_SECURE_NO_WARNINGS /D _MBCS /Gm /EHsc /MDd /GS /fp:precise /Zc:wchar_t /Zc:forScope /Fo"Debug\\" /Fd"Debug\vc100.pdb" /Gd /TC /analyze- /errorReport:prompt test9.c
         test9.c
     1>c:\users\86173\documents\visual studio 2010\projects\c_practice\c_practice\test9.c(358): warning C4305: “初始化”: 从“double”到“float”截断
     1>c:\users\86173\documents\visual studio 2010\projects\c_practice\c_practice\test9.c(358): warning C4305: “初始化”: 从“double”到“float”截断
     1>c:\users\86173\documents\visual studio 2010\projects\c_practice\c_practice\test9.c(358): warning C4305: “初始化”: 从“double”到“float”截断
       Link:
         C:\Program Files (x86)\Microsoft Visual Studio 10.0\VC\bin\link.exe /ERRORREPORT:PROMPT /OUT:"C:\Users\86173\documents\visual studio 2010\Projects\c_practice\Debug\c_practice.exe" /NOLOGO kernel32.lib user32.lib gdi32.lib winspool.lib comdlg32.lib advapi32.lib shell32.lib ole32.lib oleaut32.lib uuid.lib odbc32.lib odbccp32.lib /MANIFEST /ManifestFile:"Debug\c_practice.exe.intermediate.manifest" /MANIFESTUAC:"level='asInvoker' uiAccess='false'" /DEBUG /PDB:"C:\Users\86173\documents\visual studio 2010\Projects\c_practice\Debug\c_practice.pdb" /SUBSYSTEM:CONSOLE /TLBID:1 /DYNAMICBASE /NXCOMPAT /IMPLIB:"C:\Users\86173\documents\visual studio 2010\Projects\c_practice\Debug\c_practice.lib" /MACHINE:X86 Debug\mineSweeper.obj
         Debug\test7.obj
         Debug\test6.obj
         Debug\test8.obj
         Debug\test9.obj
         Debug\testMineSweeper.obj
         Debug\threeGame.obj
         Debug\test1.obj
         Debug\test2.obj
         Debug\test3.obj
         Debug\test4.obj
         Debug\test5.obj
         Debug\testThreeGame.obj
         LINK : 没有找到 C:\Users\86173\documents\visual studio 2010\Projects\c_practice\Debug\c_practice.exe 或上一个增量链接没有生成它；正在执行完全链接
         c_practice.vcxproj -> C:\Users\86173\documents\visual studio 2010\Projects\c_practice\Debug\c_practice.exe
       Manifest:
         C:\Program Files (x86)\Microsoft SDKs\Windows\v7.0A\bin\mt.exe /nologo /verbose /outputresource:"C:\Users\86173\documents\visual studio 2010\Projects\c_practice\Debug\c_practice.exe;#1" /manifest Debug\c_practice.exe.intermediate.manifest
       FinalizeBuildStatus:
         正在删除文件“Debug\c_practice.unsuccessfulbuild”。
         正在对“Debug\c_practice.lastbuildstate”执行 Touch 任务。
     1>已完成生成项目“C:\Users\86173\documents\visual studio 2010\Projects\c_practice\c_practice\c_practice.vcxproj”(build 个目标)的操作。

生成成功。

已用时间 00:00:00.52
