C:\USERS\86173\DOCUMENTS\VISUAL STUDIO 2010\PROJECTS\C_PRACTICE\C_PRACTICE\DEBUG\C_PRACTICE.EXE.INTERMEDIATE.MANIFEST
C:\Users\86173\documents\visual studio 2010\Projects\c_practice\c_practice\Debug\c_practice.vcxprojResolveAssemblyReference.cache
C:\Users\86173\documents\visual studio 2010\Projects\c_practice\c_practice\Debug\c_practice.write.1.tlog
C:\Users\86173\documents\visual studio 2010\Projects\c_practice\c_practice\Debug\cl.command.1.tlog
C:\Users\86173\documents\visual studio 2010\Projects\c_practice\c_practice\Debug\CL.read.1.tlog
C:\Users\86173\documents\visual studio 2010\Projects\c_practice\c_practice\Debug\CL.write.1.tlog
C:\USERS\86173\DOCUMENTS\VISUAL STUDIO 2010\PROJECTS\C_PRACTICE\C_PRACTICE\DEBUG\GAME.OBJ
C:\Users\86173\documents\visual studio 2010\Projects\c_practice\c_practice\Debug\link.command.1.tlog
C:\Users\86173\documents\visual studio 2010\Projects\c_practice\c_practice\Debug\link.read.1.tlog
C:\Users\86173\documents\visual studio 2010\Projects\c_practice\c_practice\Debug\link.write.1.tlog
C:\USERS\86173\DOCUMENTS\VISUAL STUDIO 2010\PROJECTS\C_PRACTICE\C_PRACTICE\DEBUG\MINESWEEPER.OBJ
C:\Users\86173\documents\visual studio 2010\Projects\c_practice\c_practice\Debug\mt.command.1.tlog
C:\Users\86173\documents\visual studio 2010\Projects\c_practice\c_practice\Debug\mt.read.1.tlog
C:\Users\86173\documents\visual studio 2010\Projects\c_practice\c_practice\Debug\mt.write.1.tlog
C:\USERS\86173\DOCUMENTS\VISUAL STUDIO 2010\PROJECTS\C_PRACTICE\C_PRACTICE\DEBUG\TEST1.OBJ
C:\USERS\86173\DOCUMENTS\VISUAL STUDIO 2010\PROJECTS\C_PRACTICE\C_PRACTICE\DEBUG\TEST2.OBJ
C:\USERS\86173\DOCUMENTS\VISUAL STUDIO 2010\PROJECTS\C_PRACTICE\C_PRACTICE\DEBUG\TEST3.OBJ
C:\USERS\86173\DOCUMENTS\VISUAL STUDIO 2010\PROJECTS\C_PRACTICE\C_PRACTICE\DEBUG\TEST4.OBJ
C:\USERS\86173\DOCUMENTS\VISUAL STUDIO 2010\PROJECTS\C_PRACTICE\C_PRACTICE\DEBUG\TEST5.OBJ
C:\USERS\86173\DOCUMENTS\VISUAL STUDIO 2010\PROJECTS\C_PRACTICE\C_PRACTICE\DEBUG\TEST6.OBJ
C:\USERS\86173\DOCUMENTS\VISUAL STUDIO 2010\PROJECTS\C_PRACTICE\C_PRACTICE\DEBUG\TEST7.OBJ
C:\USERS\86173\DOCUMENTS\VISUAL STUDIO 2010\PROJECTS\C_PRACTICE\C_PRACTICE\DEBUG\TEST8.OBJ
C:\USERS\86173\DOCUMENTS\VISUAL STUDIO 2010\PROJECTS\C_PRACTICE\C_PRACTICE\DEBUG\TESTGAME.OBJ
C:\USERS\86173\DOCUMENTS\VISUAL STUDIO 2010\PROJECTS\C_PRACTICE\C_PRACTICE\DEBUG\TESTMINESWEEPER.OBJ
C:\USERS\86173\DOCUMENTS\VISUAL STUDIO 2010\PROJECTS\C_PRACTICE\C_PRACTICE\DEBUG\TESTTHREEGAME.OBJ
C:\USERS\86173\DOCUMENTS\VISUAL STUDIO 2010\PROJECTS\C_PRACTICE\C_PRACTICE\DEBUG\THREEGAME.OBJ
C:\Users\86173\documents\visual studio 2010\Projects\c_practice\c_practice\Debug\vc100.idb
C:\USERS\86173\DOCUMENTS\VISUAL STUDIO 2010\PROJECTS\C_PRACTICE\C_PRACTICE\DEBUG\VC100.PDB
C:\USERS\86173\DOCUMENTS\VISUAL STUDIO 2010\PROJECTS\C_PRACTICE\DEBUG\C_PRACTICE.EXE
C:\USERS\86173\DOCUMENTS\VISUAL STUDIO 2010\PROJECTS\C_PRACTICE\DEBUG\C_PRACTICE.ILK
C:\USERS\86173\DOCUMENTS\VISUAL STUDIO 2010\PROJECTS\C_PRACTICE\DEBUG\C_PRACTICE.PDB
